[2022-07-13T14:48:27.914] [WARN] default - Route GET /asdadd non-existent
[2022-07-13T14:48:28.023] [WARN] default - Route GET /favicon.ico non-existent
[2022-07-13T14:49:11.461] [WARN] default - Route GET /asdadd non-existent
[2022-07-13T14:49:16.758] [WARN] default - Route GET /api/login non-existent
[2022-07-13T14:49:21.613] [WARN] default - Route GET /api/login non-existent
[2022-07-13T14:50:36.106] [WARN] default - Route GET /api/loginasd non-existent
[2022-07-13T16:04:42.234] [WARN] default - Route GET /css/estilos.css no existe
[2022-07-13T16:05:18.722] [WARN] default - Route GET /api/css/estilos.css no existe
[2022-07-13T16:05:19.871] [WARN] default - Route GET /api/css/estilos.css no existe
[2022-07-13T16:05:49.592] [WARN] default - Route GET /public/css/estilos.css no existe
[2022-07-13T16:05:50.826] [WARN] default - Route GET /public/css/estilos.css no existe
[2022-07-13T16:06:31.489] [WARN] default - Route GET /public/css/estilos.css no existe
[2022-07-13T16:24:14.087] [WARN] default - Route GET /signup no existe
[2022-07-13T16:24:33.649] [WARN] default - Route GET /api/api/signup no existe
[2022-07-13T16:26:48.187] [WARN] default - Route GET /api/api/login no existe
[2022-07-13T16:26:54.245] [WARN] default - Route GET /api/api/login no existe
[2022-07-13T16:33:30.518] [WARN] default - Route GET /api/signup no existe
[2022-07-14T09:29:31.478] [WARN] default - Route GET /api/login no existe
[2022-07-14T09:29:31.611] [WARN] default - Route GET /favicon.ico no existe
[2022-07-14T09:30:20.438] [WARN] default - Route GET /api/login no existe
[2022-07-14T09:30:25.993] [WARN] default - Route GET /auth/login no existe
[2022-07-14T09:30:43.488] [WARN] default - Route GET /api/login no existe
[2022-07-14T09:31:17.674] [WARN] default - Route GET /api/signup no existe
[2022-07-14T09:34:38.014] [WARN] default - Route GET /api/signup no existe
[2022-07-14T09:35:50.791] [WARN] default - Route GET /favicon.ico no existe
[2022-07-14T09:38:18.266] [WARN] default - Route GET /auth/signup no existe
[2022-07-14T09:38:27.813] [WARN] default - Route GET /auth/profile no existe
[2022-07-14T09:42:13.533] [WARN] default - Route GET /api/auth/login no existe
[2022-07-14T09:42:19.714] [WARN] default - Route GET /api/auth/login no existe
[2022-07-14T09:46:55.775] [WARN] default - Route GET /api/auth/login no existe
[2022-07-14T09:48:15.758] [WARN] default - Route GET /api/login no existe
[2022-07-14T09:48:21.254] [WARN] default - Route GET /api/auth/login no existe
[2022-07-14T09:48:29.690] [WARN] default - Route GET /api/auth/login no existe
[2022-07-14T09:49:39.045] [WARN] default - Route GET /api/auth/login no existe
[2022-07-14T09:49:42.884] [WARN] default - Route GET /api/auth/login no existe
[2022-07-14T09:50:13.576] [WARN] default - Route GET /api/auth/login no existe
[2022-07-14T09:50:14.501] [WARN] default - Route GET /api/auth/login no existe
[2022-07-14T09:50:18.571] [WARN] default - Route GET /api/auth/login no existe
[2022-07-14T09:50:47.077] [WARN] default - Route GET /api/auth/login no existe
[2022-07-14T09:50:50.060] [WARN] default - Route GET /api/auth/login no existe
[2022-07-14T09:55:27.858] [WARN] default - Route GET /api/login no existe
[2022-07-14T09:59:40.398] [WARN] default - Route GET /auth/signup no existe
[2022-07-14T10:00:06.432] [WARN] default - Route GET /api/auth/api/auth/signup no existe
[2022-07-14T10:00:19.103] [WARN] default - Route GET /api/auth/api/auth/signup no existe
[2022-07-14T10:00:23.253] [WARN] default - Route GET /signup no existe
[2022-07-14T17:04:58.776] [WARN] default - Route GET /favicon.ico no existe
[2022-07-15T12:11:24.423] [WARN] default - Route GET /auth/ no existe
[2022-07-16T18:34:21.428] [WARN] default - Route GET /favicon.ico no existe
[2022-07-16T18:34:44.859] [WARN] default - Route GET /api/login no existe
[2022-07-16T18:38:33.362] [WARN] default - Route GET /api/auth/singup no existe
[2022-07-16T18:44:46.430] [WARN] default - Route GET /login no existe
[2022-07-16T18:45:01.623] [WARN] default - Route GET /api/auth/auth/login no existe
[2022-07-16T18:47:41.775] [WARN] default - Route GET /api/auht/profile no existe
[2022-07-16T19:13:32.319] [WARN] default - Route GET /api/auth no existe
[2022-07-16T21:30:52.833] [WARN] default - Route GET /api/persona no existe
[2022-07-17T00:56:15.967] [WARN] default - Route GET /favicon.ico no existe
[2022-07-17T01:10:38.474] [WARN] default - Route GET /api/personas=1657460059138 no existe
[2022-07-17T01:10:50.070] [WARN] default - Route GET /api/personas:1657460059138 no existe
[2022-07-17T02:02:43.751] [WARN] default - Route GET /api/auth/auth/login no existe
[2022-07-17T09:24:36.591] [WARN] default - Route GET /favicon.ico no existe
[2022-07-17T14:38:26.302] [WARN] default - Route GET /logout no existe
[2022-07-17T14:38:38.206] [WARN] default - Route GET /api/auth/logout no existe
[2022-07-17T15:04:39.583] [WARN] default - Route GET /api/auth/auth/login no existe
[2022-07-17T16:07:31.101] [WARN] default - Route GET /api/auth/api/auth/login no existe
[2022-07-17T16:07:58.404] [WARN] default - Route GET /api/auth/api/auth/login no existe
[2022-07-17T16:09:07.925] [WARN] default - Route GET /api/auth/api/auth/login no existe
[2022-07-17T16:09:11.605] [WARN] default - Route GET /api/api/auth/login no existe
[2022-07-17T16:10:57.250] [WARN] default - Route GET /login no existe
[2022-07-17T16:11:44.695] [WARN] default - Route GET /login no existe
[2022-07-17T16:12:13.129] [WARN] default - Route GET /profile no existe
[2022-07-17T16:13:03.706] [WARN] default - Route GET /api/auth/api/auth/login no existe
[2022-07-17T16:15:26.127] [WARN] default - Route GET /api/auth/api/auth/login no existe
[2022-07-17T16:18:58.990] [WARN] default - jpanz 1234
[2022-07-17T16:19:15.678] [WARN] default - jpanz 1234
[2022-07-17T16:19:19.808] [WARN] default - jpanzuto 123
[2022-07-19T18:34:24.996] [WARN] default - Route GET /login no existe
[2022-07-19T18:34:25.116] [WARN] default - Route GET /favicon.ico no existe
[2022-07-19T18:35:40.737] [WARN] default - Route GET /api/api/auth/login no existe
[2022-07-19T18:36:10.606] [WARN] default - Route GET /api/api/auth/login no existe
[2022-07-19T18:37:04.357] [WARN] default - Route GET /profile no existe
[2022-07-19T18:38:03.573] [WARN] default - Route GET /api/api/auth/login no existe
[2022-07-19T18:38:22.985] [WARN] default - Route GET /api/auth/api/auth/login no existe
[2022-07-19T18:38:43.780] [WARN] default - Route GET /api/auth/api/auth/login no existe
[2022-07-21T09:46:03.924] [WARN] default - Route GET /favicon.ico no existe
[2022-07-21T09:46:11.045] [WARN] default - Route GET /api/productos no existe
[2022-07-21T15:01:25.205] [WARN] default - Route GET /api/auth/estilos.css no existe
[2022-07-21T15:01:25.506] [WARN] default - Route GET /favicon.ico no existe
[2022-07-21T15:01:27.274] [WARN] default - Route GET /api/auth/estilos.css no existe
[2022-07-21T15:04:19.467] [WARN] default - Route GET /api/auth/estilos.css no existe
[2022-07-21T15:04:58.214] [WARN] default - Route GET /api/auth/estilos.css no existe
[2022-07-21T15:04:59.926] [WARN] default - Route GET /api/auth/estilos.css no existe
[2022-07-21T15:06:17.780] [WARN] default - Route GET /api/public/estilos.css no existe
[2022-07-21T15:06:20.276] [WARN] default - Route GET /api/public/estilos.css no existe
[2022-07-21T15:06:46.311] [WARN] default - Route GET /api/public/estilos.css no existe
[2022-07-21T15:06:52.920] [WARN] default - Route GET /api/auth/estilos.css no existe
[2022-07-22T10:09:38.792] [WARN] default - Route GET /favicon.ico no existe
[2022-07-22T12:58:51.305] [WARN] default - Route GET /favicon.ico no existe
[2022-07-22T18:37:04.175] [WARN] default - Route GET /favicon.ico no existe
[2022-07-23T11:53:59.816] [WARN] default - Route GET /favicon.ico no existe
[2022-07-28T12:39:50.928] [WARN] default - Route GET /favicon.ico no existe
[2022-07-28T14:33:51.761] [WARN] default - Route GET /api/login no existe
[2022-07-28T14:34:16.096] [WARN] default - Route GET /api/login no existe
[2022-07-28T16:01:05.162] [WARN] default - error de autenticación en Login
[2022-07-28T16:02:28.287] [WARN] default - error de autenticación en Signup
[2022-07-29T11:14:13.842] [WARN] default - Route GET /favicon.ico no existe
[2022-07-31T09:56:51.698] [WARN] default - error en SignUp
[2022-07-31T09:58:04.596] [WARN] default - error en SignUp
[2022-07-31T09:58:49.427] [WARN] default - error en SignUp
[2022-07-31T10:02:57.037] [WARN] default - Route GET /favicon.ico no existe
[2022-07-31T10:10:33.707] [WARN] default - error en SignUp
[2022-07-31T10:12:23.347] [WARN] default - error en SignUpError: Error en el usuario
[2022-07-31T10:15:03.846] [WARN] default - error en SignUpError: Error en el Username
[2022-07-31T10:23:45.803] [WARN] default - Route GET /api/login no existe
[2022-08-01T16:45:51.653] [WARN] default - Route GET /favicon.ico no existe
[2022-08-01T16:46:29.112] [WARN] default - error en SignUpReferenceError: datos is not defined
[2022-08-01T16:48:40.554] [WARN] default - error en SignUpReferenceError: datos is not defined
[2022-08-01T16:52:39.955] [WARN] default - error en SignUpReferenceError: datos is not defined
[2022-08-01T16:54:03.953] [WARN] default - error en SignUpReferenceError: datos is not defined
[2022-08-01T17:11:04.652] [WARN] default - error en SignUpError: Error en el usuario
[2022-08-01T17:11:36.236] [WARN] default - error en SignUpError: Error en el usuario
[2022-08-01T17:17:46.338] [WARN] default - error en SignUpReferenceError: imageprofile is not defined
[2022-08-01T17:18:17.616] [WARN] default - error en SignUpError: Error en el usuario
[2022-08-01T17:31:57.219] [WARN] default - error en SignUpError: Error en el usuario
[2022-08-01T18:00:05.032] [WARN] default - Route GET /api/login no existe
[2022-08-01T18:00:05.148] [WARN] default - Route GET /favicon.ico no existe
[2022-08-02T14:30:50.030] [WARN] default - error en SignUpError: Error en el usuario
[2022-08-02T14:37:42.884] [WARN] default - error en SignUpTypeError: Cannot read properties of undefined (reading 'toLowerCase')
[2022-08-02T14:39:37.687] [WARN] default - Route GET /favicon.ico no existe
[2022-08-02T15:31:40.389] [WARN] default - error en SignUpTypeError: Cannot read properties of undefined (reading 'toLowerCase')
[2022-08-02T15:32:05.346] [WARN] default - error en SignUpTypeError: Cannot read properties of undefined (reading 'toLowerCase')
[2022-08-02T15:34:40.367] [WARN] default - error en SignUpTypeError: Cannot read properties of undefined (reading 'toLowerCase')
[2022-08-02T15:36:36.696] [WARN] default - error en SignUpError: Error en el usuario
[2022-08-02T15:39:16.687] [WARN] default - error en SignUpError: Error en el usuario
[2022-08-02T16:11:24.092] [WARN] default - error en SignUpError: Error en el usuario
[2022-08-02T16:24:16.824] [WARN] default - error en SignUpError: Error en el usuario
[2022-08-02T16:28:22.551] [WARN] default - error en SignUpError: Error en el usuario
[2022-08-02T16:29:18.461] [WARN] default - error en SignUpError: Error en el usuario
[2022-08-02T16:33:31.614] [WARN] default - error en SignUpError: Error en el usuario
[2022-08-02T16:34:22.202] [WARN] default - error en SignUpError: Error en el usuario
[2022-08-02T16:38:29.875] [WARN] default - error en SignUpError: Error en el usuario
[2022-08-02T16:39:12.079] [WARN] default - error en SignUpError: Error en el usuario
[2022-08-02T16:39:34.337] [WARN] default - error en SignUpTypeError: Cannot read properties of undefined (reading 'filename')
[2022-08-02T16:40:10.031] [WARN] default - error en SignUpTypeError: Cannot read properties of undefined (reading 'filename')
[2022-08-02T16:44:08.955] [WARN] default - error en SignUpTypeError: Cannot read properties of undefined (reading 'filename')
[2022-08-02T16:51:06.991] [WARN] default - error en SignUpTypeError: Cannot read properties of undefined (reading 'filename')
[2022-08-02T16:51:53.129] [WARN] default - error en SignUpReferenceError: imageprofile is not defined
[2022-08-02T16:52:39.907] [WARN] default - error en SignUpReferenceError: imageprofile is not defined
[2022-08-02T16:54:30.566] [WARN] default - error en SignUpError: Error en el usuario
[2022-08-02T16:54:37.675] [WARN] default - error en SignUpError: Error en el usuario
[2022-08-02T16:54:45.930] [WARN] default - error en SignUpError: falta el campo imageprofile
[2022-08-02T16:56:13.325] [WARN] default - error en SignUpError: falta el campo imageprofile
[2022-08-03T10:20:13.388] [WARN] default - Route GET /favicon.ico no existe
[2022-08-03T10:20:30.226] [WARN] default - Route GET /estilo.css no existe
[2022-08-03T10:30:01.860] [WARN] default - Route GET /estilos.css no existe
[2022-08-03T10:30:19.354] [WARN] default - Route GET /estilos.css no existe
[2022-08-03T10:30:20.647] [WARN] default - Route GET /estilos.css no existe
[2022-08-03T10:33:01.054] [WARN] default - Route GET /estilos.css no existe
[2022-08-03T10:34:34.748] [WARN] default - Route GET /estilos.css no existe
[2022-08-03T10:40:50.989] [WARN] default - Route GET /estilos.css no existe
[2022-08-03T10:41:17.708] [WARN] default - Route GET /api/public/estilos.css no existe
[2022-08-03T10:41:33.252] [WARN] default - Route GET /public/estilos.css no existe
[2022-08-03T10:41:46.259] [WARN] default - Route GET /estilos.css no existe
[2022-08-03T10:41:59.355] [WARN] default - Route GET /estilos.css no existe
[2022-08-03T10:42:00.466] [WARN] default - Route GET /estilos.css no existe
[2022-08-03T10:42:07.657] [WARN] default - Route GET /public/estilos.css no existe
[2022-08-03T10:42:19.649] [WARN] default - Route GET /src/public/estilos.css no existe
[2022-08-03T10:45:01.194] [WARN] default - error en SignUpError: Error en el usuario
[2022-08-03T10:55:18.146] [WARN] default - error de autenticación en Login
[2022-08-04T11:10:17.276] [WARN] default - Route GET /favicon.ico no existe
[2022-08-04T11:12:24.937] [WARN] default - error en SignUpNo callback function was given.
[2022-08-04T11:13:31.030] [WARN] default - error en SignUpNo callback function was given.
[2022-08-04T11:13:59.806] [WARN] default - error en SignUpNo callback function was given.
[2022-08-04T11:14:15.719] [WARN] default - error en SignUpNo callback function was given.
[2022-08-04T11:15:02.978] [WARN] default - error de autenticación en Login
[2022-08-04T11:15:42.066] [WARN] default - error de autenticación en Login
[2022-08-04T14:19:43.344] [WARN] default - error en SignUpError: falta el campo imageprofile
[2022-08-04T14:19:54.265] [WARN] default - error en SignUpError: falta el campo imageprofile
